# Logfile created on 2014-02-23 11:28:15 +0100 by logger.rb/41954
I, [2014-02-23T11:28:15.996360 #1522]  INFO -- : 0:  rake (10.1.1) from /usr/local/rvm/gems/ruby-2.0.0-p353/specifications/rake-10.1.1.gemspec
I, [2014-02-23T11:28:15.996759 #1522]  INFO -- : 0:  i18n (0.6.9) from /usr/local/rvm/gems/ruby-2.0.0-p353/specifications/i18n-0.6.9.gemspec
I, [2014-02-23T11:28:15.997074 #1522]  INFO -- : 0:  minitest (4.7.5) from /usr/local/rvm/gems/ruby-2.0.0-p353/specifications/minitest-4.7.5.gemspec
I, [2014-02-23T11:28:15.997366 #1522]  INFO -- : 0:  multi_json (1.8.4) from /usr/local/rvm/gems/ruby-2.0.0-p353/specifications/multi_json-1.8.4.gemspec
I, [2014-02-23T11:28:15.997737 #1522]  INFO -- : 0:  atomic (1.1.14) from /usr/local/rvm/gems/ruby-2.0.0-p353/specifications/atomic-1.1.14.gemspec
I, [2014-02-23T11:28:15.998112 #1522]  INFO -- : 0:  thread_safe (0.1.3) from /usr/local/rvm/gems/ruby-2.0.0-p353/specifications/thread_safe-0.1.3.gemspec
I, [2014-02-23T11:28:15.998448 #1522]  INFO -- : 0:  tzinfo (0.3.38) from /usr/local/rvm/gems/ruby-2.0.0-p353/specifications/tzinfo-0.3.38.gemspec
I, [2014-02-23T11:28:15.998680 #1522]  INFO -- : 0:  activesupport (4.0.2) from /usr/local/rvm/gems/ruby-2.0.0-p353/specifications/activesupport-4.0.2.gemspec
I, [2014-02-23T11:28:15.998909 #1522]  INFO -- : 0:  builder (3.1.4) from /usr/local/rvm/gems/ruby-2.0.0-p353/specifications/builder-3.1.4.gemspec
I, [2014-02-23T11:28:15.999134 #1522]  INFO -- : 0:  erubis (2.7.0) from /usr/local/rvm/gems/ruby-2.0.0-p353/specifications/erubis-2.7.0.gemspec
I, [2014-02-23T11:28:15.999357 #1522]  INFO -- : 0:  rack (1.5.2) from /usr/local/rvm/gems/ruby-2.0.0-p353/specifications/rack-1.5.2.gemspec
I, [2014-02-23T11:28:15.999582 #1522]  INFO -- : 0:  rack-test (0.6.2) from /usr/local/rvm/gems/ruby-2.0.0-p353/specifications/rack-test-0.6.2.gemspec
I, [2014-02-23T11:28:15.999807 #1522]  INFO -- : 0:  actionpack (4.0.2) from /usr/local/rvm/gems/ruby-2.0.0-p353/specifications/actionpack-4.0.2.gemspec
I, [2014-02-23T11:28:16.000037 #1522]  INFO -- : 0:  mime-types (1.25.1) from /usr/local/rvm/gems/ruby-2.0.0-p353/specifications/mime-types-1.25.1.gemspec
I, [2014-02-23T11:28:16.000263 #1522]  INFO -- : 0:  polyglot (0.3.3) from /usr/local/rvm/gems/ruby-2.0.0-p353/specifications/polyglot-0.3.3.gemspec
I, [2014-02-23T11:28:16.000486 #1522]  INFO -- : 0:  treetop (1.4.15) from /usr/local/rvm/gems/ruby-2.0.0-p353/specifications/treetop-1.4.15.gemspec
I, [2014-02-23T11:28:16.000710 #1522]  INFO -- : 0:  mail (2.5.4) from /usr/local/rvm/gems/ruby-2.0.0-p353/specifications/mail-2.5.4.gemspec
I, [2014-02-23T11:28:16.000935 #1522]  INFO -- : 0:  actionmailer (4.0.2) from /usr/local/rvm/gems/ruby-2.0.0-p353/specifications/actionmailer-4.0.2.gemspec
I, [2014-02-23T11:28:16.001161 #1522]  INFO -- : 0:  activemodel (4.0.2) from /usr/local/rvm/gems/ruby-2.0.0-p353/specifications/activemodel-4.0.2.gemspec
I, [2014-02-23T11:28:16.001392 #1522]  INFO -- : 0:  activerecord-deprecated_finders (1.0.3) from /usr/local/rvm/gems/ruby-2.0.0-p353/specifications/activerecord-deprecated_finders-1.0.3.gemspec
I, [2014-02-23T11:28:16.001691 #1522]  INFO -- : 0:  arel (4.0.1) from /usr/local/rvm/gems/ruby-2.0.0-p353/specifications/arel-4.0.1.gemspec
I, [2014-02-23T11:28:16.001961 #1522]  INFO -- : 0:  activerecord (4.0.2) from /usr/local/rvm/gems/ruby-2.0.0-p353/specifications/activerecord-4.0.2.gemspec
I, [2014-02-23T11:28:16.002227 #1522]  INFO -- : 0:  bcrypt-ruby (3.1.2) from /usr/local/rvm/gems/ruby-2.0.0-p353/specifications/bcrypt-ruby-3.1.2.gemspec
I, [2014-02-23T11:28:16.002496 #1522]  INFO -- : 0:  mini_portile (0.5.2) from /usr/local/rvm/gems/ruby-2.0.0-p353/specifications/mini_portile-0.5.2.gemspec
I, [2014-02-23T11:28:16.002766 #1522]  INFO -- : 0:  nokogiri (1.6.0) from /usr/local/rvm/gems/ruby-2.0.0-p353/specifications/nokogiri-1.6.0.gemspec
I, [2014-02-23T11:28:16.003032 #1522]  INFO -- : 0:  xpath (2.0.0) from /usr/local/rvm/gems/ruby-2.0.0-p353/specifications/xpath-2.0.0.gemspec
I, [2014-02-23T11:28:16.003303 #1522]  INFO -- : 0:  capybara (2.1.0) from /usr/local/rvm/gems/ruby-2.0.0-p353/specifications/capybara-2.1.0.gemspec
I, [2014-02-23T11:28:16.003592 #1522]  INFO -- : 0:  json (1.8.1) from /usr/local/rvm/gems/ruby-2.0.0-p353/specifications/json-1.8.1.gemspec
I, [2014-02-23T11:28:16.003865 #1522]  INFO -- : 0:  capybara-webkit (1.0.0) from /usr/local/rvm/gems/ruby-2.0.0-p353/specifications/capybara-webkit-1.0.0.gemspec
I, [2014-02-23T11:28:16.004134 #1522]  INFO -- : 0:  ffi (1.9.3) from /usr/local/rvm/gems/ruby-2.0.0-p353/specifications/ffi-1.9.3.gemspec
I, [2014-02-23T11:28:16.004401 #1522]  INFO -- : 0:  childprocess (0.3.9) from /usr/local/rvm/gems/ruby-2.0.0-p353/specifications/childprocess-0.3.9.gemspec
I, [2014-02-23T11:28:16.004710 #1522]  INFO -- : 0:  chunky_png (1.2.9) from /usr/local/rvm/gems/ruby-2.0.0-p353/specifications/chunky_png-1.2.9.gemspec
I, [2014-02-23T11:28:16.005007 #1522]  INFO -- : 0:  coffee-script-source (1.6.3) from /usr/local/rvm/gems/ruby-2.0.0-p353/specifications/coffee-script-source-1.6.3.gemspec
I, [2014-02-23T11:28:16.005365 #1522]  INFO -- : 0:  execjs (2.0.2) from /usr/local/rvm/gems/ruby-2.0.0-p353/specifications/execjs-2.0.2.gemspec
I, [2014-02-23T11:28:16.005752 #1522]  INFO -- : 0:  coffee-script (2.2.0) from /usr/local/rvm/gems/ruby-2.0.0-p353/specifications/coffee-script-2.2.0.gemspec
I, [2014-02-23T11:28:16.006007 #1522]  INFO -- : 0:  thor (0.18.1) from /usr/local/rvm/gems/ruby-2.0.0-p353/specifications/thor-0.18.1.gemspec
I, [2014-02-23T11:28:16.006386 #1522]  INFO -- : 0:  railties (4.0.2) from /usr/local/rvm/gems/ruby-2.0.0-p353/specifications/railties-4.0.2.gemspec
I, [2014-02-23T11:28:16.006823 #1522]  INFO -- : 0:  coffee-rails (4.0.1) from /usr/local/rvm/gems/ruby-2.0.0-p353/specifications/coffee-rails-4.0.1.gemspec
I, [2014-02-23T11:28:16.007332 #1522]  INFO -- : 0:  fssm (0.2.10) from /usr/local/rvm/gems/ruby-2.0.0-p353/specifications/fssm-0.2.10.gemspec
I, [2014-02-23T11:28:16.007891 #1522]  INFO -- : 0:  sass (3.2.12) from /usr/local/rvm/gems/ruby-2.0.0-p353/specifications/sass-3.2.12.gemspec
I, [2014-02-23T11:28:16.008416 #1522]  INFO -- : 0:  compass (0.12.2) from /usr/local/rvm/gems/ruby-2.0.0-p353/specifications/compass-0.12.2.gemspec
I, [2014-02-23T11:28:16.008733 #1522]  INFO -- : 0:  compass-rails (1.1.3) from /usr/local/rvm/gems/ruby-2.0.0-p353/specifications/compass-rails-1.1.3.gemspec
I, [2014-02-23T11:28:16.009035 #1522]  INFO -- : 0:  configuration (1.3.2) from /usr/local/rvm/gems/ruby-2.0.0-p353/specifications/configuration-1.3.2.gemspec
I, [2014-02-23T11:28:16.009338 #1522]  INFO -- : 0:  database_cleaner (1.2.0) from /usr/local/rvm/gems/ruby-2.0.0-p353/specifications/database_cleaner-1.2.0.gemspec
I, [2014-02-23T11:28:16.009622 #1522]  INFO -- : 0:  orm_adapter (0.4.0) from /usr/local/rvm/gems/ruby-2.0.0-p353/specifications/orm_adapter-0.4.0.gemspec
I, [2014-02-23T11:28:16.009872 #1522]  INFO -- : 0:  warden (1.2.3) from /usr/local/rvm/gems/ruby-2.0.0-p353/specifications/warden-1.2.3.gemspec
I, [2014-02-23T11:28:16.010113 #1522]  INFO -- : 0:  devise (3.2.0) from /usr/local/rvm/gems/ruby-2.0.0-p353/specifications/devise-3.2.0.gemspec
I, [2014-02-23T11:28:16.010357 #1522]  INFO -- : 0:  diff-lcs (1.2.5) from /usr/local/rvm/gems/ruby-2.0.0-p353/specifications/diff-lcs-1.2.5.gemspec
I, [2014-02-23T11:28:16.010600 #1522]  INFO -- : 0:  ejs (1.1.1) from /usr/local/rvm/gems/ruby-2.0.0-p353/specifications/ejs-1.1.1.gemspec
I, [2014-02-23T11:28:16.010843 #1522]  INFO -- : 0:  factory_girl (4.3.0) from /usr/local/rvm/gems/ruby-2.0.0-p353/specifications/factory_girl-4.3.0.gemspec
I, [2014-02-23T11:28:16.011086 #1522]  INFO -- : 0:  factory_girl_rails (4.3.0) from /usr/local/rvm/gems/ruby-2.0.0-p353/specifications/factory_girl_rails-4.3.0.gemspec
I, [2014-02-23T11:28:16.011335 #1522]  INFO -- : 0:  hike (1.2.3) from /usr/local/rvm/gems/ruby-2.0.0-p353/specifications/hike-1.2.3.gemspec
I, [2014-02-23T11:28:16.011585 #1522]  INFO -- : 0:  jasmine-core (1.3.1) from /usr/local/rvm/gems/ruby-2.0.0-p353/specifications/jasmine-core-1.3.1.gemspec
I, [2014-02-23T11:28:16.011835 #1522]  INFO -- : 0:  rspec-core (2.14.7) from /usr/local/rvm/gems/ruby-2.0.0-p353/specifications/rspec-core-2.14.7.gemspec
I, [2014-02-23T11:28:16.012105 #1522]  INFO -- : 0:  rspec-expectations (2.14.4) from /usr/local/rvm/gems/ruby-2.0.0-p353/specifications/rspec-expectations-2.14.4.gemspec
I, [2014-02-23T11:28:16.012356 #1522]  INFO -- : 0:  rspec-mocks (2.14.4) from /usr/local/rvm/gems/ruby-2.0.0-p353/specifications/rspec-mocks-2.14.4.gemspec
I, [2014-02-23T11:28:16.012605 #1522]  INFO -- : 0:  rspec (2.14.1) from /usr/local/rvm/gems/ruby-2.0.0-p353/specifications/rspec-2.14.1.gemspec
I, [2014-02-23T11:28:16.012853 #1522]  INFO -- : 0:  rubyzip (1.0.0) from /usr/local/rvm/gems/ruby-2.0.0-p353/specifications/rubyzip-1.0.0.gemspec
I, [2014-02-23T11:28:16.013151 #1522]  INFO -- : 0:  websocket (1.0.7) from /usr/local/rvm/gems/ruby-2.0.0-p353/specifications/websocket-1.0.7.gemspec
I, [2014-02-23T11:28:16.013401 #1522]  INFO -- : 0:  selenium-webdriver (2.37.0) from /usr/local/rvm/gems/ruby-2.0.0-p353/specifications/selenium-webdriver-2.37.0.gemspec
I, [2014-02-23T11:28:16.013675 #1522]  INFO -- : 0:  jasmine (1.3.2) from /usr/local/rvm/gems/ruby-2.0.0-p353/specifications/jasmine-1.3.2.gemspec
I, [2014-02-23T11:28:16.013941 #1522]  INFO -- : 0:  jbuilder (1.5.2) from /usr/local/rvm/gems/ruby-2.0.0-p353/specifications/jbuilder-1.5.2.gemspec
I, [2014-02-23T11:28:16.014210 #1522]  INFO -- : 0:  jquery-rails (3.0.4) from /usr/local/rvm/gems/ruby-2.0.0-p353/specifications/jquery-rails-3.0.4.gemspec
I, [2014-02-23T11:28:16.014482 #1522]  INFO -- : 0:  jquery-ui-rails (4.1.0) from /usr/local/rvm/gems/ruby-2.0.0-p353/specifications/jquery-ui-rails-4.1.0.gemspec
I, [2014-02-23T11:28:16.014750 #1522]  INFO -- : 0:  mysql2 (0.3.14) from /usr/local/rvm/gems/ruby-2.0.0-p353/specifications/mysql2-0.3.14.gemspec
I, [2014-02-23T11:28:16.015016 #1522]  INFO -- : 0:  pg (0.17.0) from /usr/local/rvm/gems/ruby-2.0.0-p353/specifications/pg-0.17.0.gemspec
I, [2014-02-23T11:28:16.015275 #1522]  INFO -- : 0:  bundler (1.5.1) from /usr/local/rvm/gems/ruby-2.0.0-p353@global/specifications/bundler-1.5.1.gemspec
I, [2014-02-23T11:28:16.015535 #1522]  INFO -- : 0:  tilt (1.4.1) from /usr/local/rvm/gems/ruby-2.0.0-p353/specifications/tilt-1.4.1.gemspec
I, [2014-02-23T11:28:16.015802 #1522]  INFO -- : 0:  sprockets (2.10.1) from /usr/local/rvm/gems/ruby-2.0.0-p353/specifications/sprockets-2.10.1.gemspec
I, [2014-02-23T11:28:16.016070 #1522]  INFO -- : 0:  sprockets-rails (2.0.1) from /usr/local/rvm/gems/ruby-2.0.0-p353/specifications/sprockets-rails-2.0.1.gemspec
I, [2014-02-23T11:28:16.016336 #1522]  INFO -- : 0:  rails (4.0.2) from /usr/local/rvm/gems/ruby-2.0.0-p353/specifications/rails-4.0.2.gemspec
I, [2014-02-23T11:28:16.016605 #1522]  INFO -- : 0:  rails-i18n (4.0.0) from /usr/local/rvm/gems/ruby-2.0.0-p353/specifications/rails-i18n-4.0.0.gemspec
I, [2014-02-23T11:28:16.016928 #1522]  INFO -- : 0:  rails-observers (0.1.2) from /usr/local/rvm/gems/ruby-2.0.0-p353/specifications/rails-observers-0.1.2.gemspec
I, [2014-02-23T11:28:16.017193 #1522]  INFO -- : 0:  rails_serve_static_assets (0.0.2) from /usr/local/rvm/gems/ruby-2.0.0-p353/specifications/rails_serve_static_assets-0.0.2.gemspec
I, [2014-02-23T11:28:16.017457 #1522]  INFO -- : 0:  rails_stdout_logging (0.0.3) from /usr/local/rvm/gems/ruby-2.0.0-p353/specifications/rails_stdout_logging-0.0.3.gemspec
I, [2014-02-23T11:28:16.017720 #1522]  INFO -- : 0:  rails_12factor (0.0.2) from /usr/local/rvm/gems/ruby-2.0.0-p353/specifications/rails_12factor-0.0.2.gemspec
I, [2014-02-23T11:28:16.017979 #1522]  INFO -- : 0:  rspec-rails (2.14.0) from /usr/local/rvm/gems/ruby-2.0.0-p353/specifications/rspec-rails-2.14.0.gemspec
I, [2014-02-23T11:28:16.018239 #1522]  INFO -- : 0:  sass-rails (4.0.1) from /usr/local/rvm/gems/ruby-2.0.0-p353/specifications/sass-rails-4.0.1.gemspec
I, [2014-02-23T11:28:16.018499 #1522]  INFO -- : 0:  sqlite3 (1.3.8) from /usr/local/rvm/gems/ruby-2.0.0-p353/specifications/sqlite3-1.3.8.gemspec
I, [2014-02-23T11:28:16.018764 #1522]  INFO -- : 0:  transitions (0.1.9) from /usr/local/rvm/gems/ruby-2.0.0-p353/specifications/transitions-0.1.9.gemspec
I, [2014-02-23T11:28:16.019030 #1522]  INFO -- : 0:  uglifier (2.3.1) from /usr/local/rvm/gems/ruby-2.0.0-p353/specifications/uglifier-2.3.1.gemspec
